\BOOKMARK [1][-]{section.1}{Analyse}{}% 1
\BOOKMARK [2][-]{subsection.1.1}{R\351solution in\351quation}{section.1}% 2
\BOOKMARK [2][-]{subsection.1.2}{Calcul ensemble de d\351finition}{section.1}% 3
\BOOKMARK [2][-]{subsection.1.3}{R\351solution "4262304 x"5263305 \040= "4262304 \040x2"5263305 }{section.1}% 4
\BOOKMARK [2][-]{subsection.1.4}{Etude de In=1e \(ln\(x\)\)n dx }{section.1}% 5
\BOOKMARK [2][-]{subsection.1.5}{Racine de x3-6x-9}{section.1}% 6
\BOOKMARK [2][-]{subsection.1.6}{R\351solution de ex-2 ex-4}{section.1}% 7
\BOOKMARK [2][-]{subsection.1.7}{Equation trigonom\351trique et changement de variable}{section.1}% 8
\BOOKMARK [2][-]{subsection.1.8}{Equation diff\351rentielle, changement de variable}{section.1}% 9
\BOOKMARK [2][-]{subsection.1.9}{Suite arithm\351tico-g\351om\351trique}{section.1}% 10
\BOOKMARK [2][-]{subsection.1.10}{Equation rationnelle \340 param\350tre}{section.1}% 11
\BOOKMARK [2][-]{subsection.1.11}{R\351solution de "4262304 2x-5x-1"5263305 \040=0 }{section.1}% 12
\BOOKMARK [2][-]{subsection.1.12}{Equation complexe}{section.1}% 13
\BOOKMARK [2][-]{subsection.1.13}{Somme de nombres complexes\(Pb\)}{section.1}% 14
\BOOKMARK [2][-]{subsection.1.14}{Equations trigonom\351triques}{section.1}% 15
\BOOKMARK [2][-]{subsection.1.15}{Arctan\(Pb\)}{section.1}% 16
\BOOKMARK [2][-]{subsection.1.16}{Simplification Produit}{section.1}% 17
\BOOKMARK [2][-]{subsection.1.17}{Suite r\351currente et c\351saro PB\(long\)}{section.1}% 18
\BOOKMARK [2][-]{subsection.1.18}{un+1=sin\(un\) \(Pb\)}{section.1}% 19
\BOOKMARK [2][-]{subsection.1.19}{In+1 =\(2n+1\)In}{section.1}% 20
\BOOKMARK [2][-]{subsection.1.20}{ Suite d\351finites implicitement x3+nx-1 \(Pb\) }{section.1}% 21
\BOOKMARK [2][-]{subsection.1.21}{In = 1e \(ln\(x\)\)n dx}{section.1}% 22
\BOOKMARK [2][-]{subsection.1.22}{Etude de f\(x\)= exln\(x\) }{section.1}% 23
\BOOKMARK [2][-]{subsection.1.23}{Wallis - Calcul limn k=1n 1k2 \(Pb\)}{section.1}% 24
\BOOKMARK [3][-]{subsubsection.1.23.1}{Convergence}{subsection.1.23}% 25
\BOOKMARK [3][-]{subsubsection.1.23.2}{Calcul de la limite}{subsection.1.23}% 26
\BOOKMARK [2][-]{subsection.1.24}{Etude de f\(x\) = x+cos\(1x\).}{section.1}% 27
\BOOKMARK [2][-]{subsection.1.25}{Calculs de limites}{section.1}% 28
\BOOKMARK [2][-]{subsection.1.26}{Etude d\351rivabilit\351 }{section.1}% 29
\BOOKMARK [2][-]{subsection.1.27}{Fonctions k-contractante \(Pb\)}{section.1}% 30
\BOOKMARK [2][-]{subsection.1.28}{Etude de xx2 dtln\(t\). \(Pb\) }{section.1}% 31
\BOOKMARK [2][-]{subsection.1.29}{Non interversion limite int\351grale}{section.1}% 32
\BOOKMARK [2][-]{subsection.1.30}{Etude \040xexp\(sin2\(x\)\). [d'apr\350s Godillon 16-17] }{section.1}% 33
\BOOKMARK [2][-]{subsection.1.31}{In\351galit\351s / r\351currence}{section.1}% 34
\BOOKMARK [2][-]{subsection.1.32}{Fibonacci}{section.1}% 35
\BOOKMARK [2][-]{subsection.1.33}{Equation \340 param\350tre}{section.1}% 36
\BOOKMARK [2][-]{subsection.1.34}{Partie Enti\350re}{section.1}% 37
\BOOKMARK [2][-]{subsection.1.35}{Equation trigonom\351trique / changement de variable}{section.1}% 38
\BOOKMARK [2][-]{subsection.1.36}{Calcul de la d\351riv\351e de arcsin [Agro 2015]}{section.1}% 39
\BOOKMARK [2][-]{subsection.1.37}{Somme double max + info}{section.1}% 40
\BOOKMARK [2][-]{subsection.1.38}{Calcul de k=0n k4 }{section.1}% 41
\BOOKMARK [2][-]{subsection.1.39}{Formule D'inversion de somme \(Pb\)}{section.1}% 42
\BOOKMARK [2][-]{subsection.1.40}{Etude de \040f\(x\) = ln\(12+ sin\(x\)\)}{section.1}% 43
\BOOKMARK [2][-]{subsection.1.41}{EDL - concentration de glucose}{section.1}% 44
\BOOKMARK [2][-]{subsection.1.42}{Etude de un+1 =1 +1un \(Pb\)}{section.1}% 45
\BOOKMARK [2][-]{subsection.1.43}{Calcul de limites}{section.1}% 46
\BOOKMARK [2][-]{subsection.1.44}{Equation int\351grale f\(x\) =0ax f\(t\)dt \(Pb\)}{section.1}% 47
\BOOKMARK [2][-]{subsection.1.45}{Fonction de plusieurs variables}{section.1}% 48
\BOOKMARK [2][-]{subsection.1.46}{Int\351grale de Gauss \(D'apr\350s G2E 2019]}{section.1}% 49
\BOOKMARK [2][-]{subsection.1.47}{Etude famille de fonction, int\351grale, et somme \(ECRICOME 2002\)}{section.1}% 50
\BOOKMARK [2][-]{subsection.1.48}{in\351quation \340 param\351tre - Une bien l'autre pas finie}{section.1}% 51
\BOOKMARK [1][-]{section.2}{Alg\351bre}{}% 52
\BOOKMARK [2][-]{subsection.2.1}{Syst\350me lin\351aire}{section.2}% 53
\BOOKMARK [2][-]{subsection.2.2}{Syst\350me lin\351aire \(produit - changement de variables\)}{section.2}% 54
\BOOKMARK [2][-]{subsection.2.3}{Syst\350me lin\351aire AX=X}{section.2}% 55
\BOOKMARK [2][-]{subsection.2.4}{Puissance matrice Mn =n M +n I3 }{section.2}% 56
\BOOKMARK [2][-]{subsection.2.5}{Calcul du rang de Ma}{section.2}% 57
\BOOKMARK [2][-]{subsection.2.6}{Etude des racines de X5 +tX-1}{section.2}% 58
\BOOKMARK [2][-]{subsection.2.7}{Tchebychev \(Pb\)}{section.2}% 59
\BOOKMARK [2][-]{subsection.2.8}{Diagonalisation}{section.2}% 60
\BOOKMARK [2][-]{subsection.2.9}{Etude application lin\351aire [Godillon 17-18]}{section.2}% 61
\BOOKMARK [2][-]{subsection.2.10}{Sujet R\351visions Alg\351bre lin\351aire - \(Pb \) }{section.2}% 62
\BOOKMARK [3][-]{subsubsection.2.10.1}{Equation dans L\(E\) }{subsection.2.10}% 63
\BOOKMARK [3][-]{subsubsection.2.10.2}{Etude de f}{subsection.2.10}% 64
\BOOKMARK [3][-]{subsubsection.2.10.3}{Polyn\364mes et application lin\351aires}{subsection.2.10}% 65
\BOOKMARK [2][-]{subsection.2.11}{Fraction Rationnelle Qn\(tan\(\)\) = tan\(n\) \(Pb\) }{section.2}% 66
\BOOKMARK [2][-]{subsection.2.12}{Diagonalisation \(Pb\)}{section.2}% 67
\BOOKMARK [2][-]{subsection.2.13}{Racines de zn+z+1 \(Pb\)}{section.2}% 68
\BOOKMARK [2][-]{subsection.2.14}{EV - exemple et c-ex}{section.2}% 69
\BOOKMARK [2][-]{subsection.2.15}{Famille libre /g\351n\351rarive / base Exemples}{section.2}% 70
\BOOKMARK [2][-]{subsection.2.16}{Etude de k=1n ln\(k\)k [Agro 2016]}{section.2}% 71
\BOOKMARK [2][-]{subsection.2.17}{Tirages conditionnels }{section.2}% 72
\BOOKMARK [2][-]{subsection.2.18}{Calcul de k=1n 1k+n \(Pb\)}{section.2}% 73
\BOOKMARK [2][-]{subsection.2.19}{Matrice, endomorphisme, vp, \(Ecricome 2002\)}{section.2}% 74
\BOOKMARK [1][-]{section.3}{Probabilit\351/D\351nombrement}{}% 75
\BOOKMARK [2][-]{subsection.3.1}{Urne Ind\351pendance d'\351venements \(facile\)}{section.3}% 76
\BOOKMARK [2][-]{subsection.3.2}{Chaine de markov - puce sur un triangle \(\351v\351nement, pas de diag\)}{section.3}% 77
\BOOKMARK [2][-]{subsection.3.3}{Nombre de surjections \(Pb\)}{section.3}% 78
\BOOKMARK [2][-]{subsection.3.4}{Urnes, boules et tirages ! }{section.3}% 79
\BOOKMARK [2][-]{subsection.3.5}{D\351nombrement des matrices \340 coefficients \173 0,1\175 \(Pb\)}{section.3}% 80
\BOOKMARK [2][-]{subsection.3.6}{Urnes boules et tirages 2 }{section.3}% 81
\BOOKMARK [2][-]{subsection.3.7}{Moteur d'avion d'apr\350s G2E \(Pb\)}{section.3}% 82
\BOOKMARK [2][-]{subsection.3.8}{Grenouille sur escalier \(marche al\351atoire\)}{section.3}% 83
\BOOKMARK [2][-]{subsection.3.9}{Archers proba de r\351ussite}{section.3}% 84
\BOOKMARK [2][-]{subsection.3.10}{Sujet R\351vision - Shuffle Ipod}{section.3}% 85
\BOOKMARK [2][-]{subsection.3.11}{Fonction g\351n\351ratrice \(Pb -dur\)}{section.3}% 86
\BOOKMARK [2][-]{subsection.3.12}{Tirages boules urnes simultan\351s/successifs. }{section.3}% 87
\BOOKMARK [2][-]{subsection.3.13}{Chaine de Markov - Hamster}{section.3}% 88
\BOOKMARK [2][-]{subsection.3.14}{Probabilit\351, VAR, tirage boules et urnes. \(ECRICOME 2002\) }{section.3}% 89
\BOOKMARK [2][-]{subsection.3.15}{D\351rangements}{section.3}% 90
\BOOKMARK [2][-]{subsection.3.16}{Urnes de Polya sans VAR + info \(Pb\)}{section.3}% 91
\BOOKMARK [1][-]{section.4}{Autres}{}% 92
\BOOKMARK [2][-]{subsection.4.1}{Inclusion ensemble complexe}{section.4}% 93
\BOOKMARK [2][-]{subsection.4.2}{Simplification de [3]2+5 }{section.4}% 94
\BOOKMARK [2][-]{subsection.4.3}{Equation du second degr\351 \340 coeff complexes}{section.4}% 95
\BOOKMARK [2][-]{subsection.4.4}{In\351galit\351e somme/factorielle}{section.4}% 96
\BOOKMARK [2][-]{subsection.4.5}{Double somme des min}{section.4}% 97
\BOOKMARK [2][-]{subsection.4.6}{G\351om\351trie repr\351sentation param\351trique de droite.}{section.4}% 98
\BOOKMARK [2][-]{subsection.4.7}{G\351om\351trie et complexe }{section.4}% 99
\BOOKMARK [2][-]{subsection.4.8}{Logique et trigo}{section.4}% 100
\BOOKMARK [2][-]{subsection.4.9}{Suite r\351currence complexes zn+1 = zn2 -2izn-1+i}{section.4}% 101
\BOOKMARK [2][-]{subsection.4.10}{Calcul de ei/7}{section.4}% 102
\BOOKMARK [2][-]{subsection.4.11}{Complexe, ensemble, minimum}{section.4}% 103
\BOOKMARK [2][-]{subsection.4.12}{Complexe minimum/maximum}{section.4}% 104
\BOOKMARK [2][-]{subsection.4.13}{Etude de sinh sur R et C \(A v\351rifier\)}{section.4}% 105
\BOOKMARK [2][-]{subsection.4.14}{G\351om\351trie, droite et inclusion}{section.4}% 106
\BOOKMARK [2][-]{subsection.4.15}{Matrice, famille libre, commutant}{section.4}% 107
\BOOKMARK [2][-]{subsection.4.16}{Complexe, raisonnement par l'absurde, recurrence}{section.4}% 108
\BOOKMARK [1][-]{section.5}{Info}{}% 109
\BOOKMARK [2][-]{subsection.5.1}{ADN - liste}{section.5}% 110
\BOOKMARK [2][-]{subsection.5.2}{Lancers de d\351s. }{section.5}% 111
\BOOKMARK [2][-]{subsection.5.3}{un+1 = cos\(un\)}{section.5}% 112
\BOOKMARK [2][-]{subsection.5.4}{Mandelbrot}{section.5}% 113
\BOOKMARK [2][-]{subsection.5.5}{Pendu}{section.5}% 114
\BOOKMARK [2][-]{subsection.5.6}{Pivot de Gauss}{section.5}% 115
